  encoder.c
d:\program files\smartgit\bin\hafman\hafman\encoder.c(14): warning C4013: calloc: нет определения; предполагается "extern" с возвратом типа "int"
d:\program files\smartgit\bin\hafman\hafman\encoder.c(14): warning C4047: инициализация: "prio_q *" отличается по уровням косвенного обращения от "int"
d:\program files\smartgit\bin\hafman\hafman\encoder.c(82): warning C4013: merge: нет определения; предполагается "extern" с возвратом типа "int"
d:\program files\smartgit\bin\hafman\hafman\encoder.c(82): warning C4047: =: "tree *" отличается по уровням косвенного обращения от "int"
d:\program files\smartgit\bin\hafman\hafman\encoder.c(84): warning C4013: free: нет определения; предполагается "extern" с возвратом типа "int"
d:\program files\smartgit\bin\hafman\hafman\encoder.c(102): warning C4312: приведение типов: преобразование из "int" в "prio_q *" большего размера
d:\program files\smartgit\bin\hafman\hafman\encoder.c(103): warning C4312: приведение типов: преобразование из "int" в "tree *" большего размера
d:\program files\smartgit\bin\hafman\hafman\encoder.c(94): warning C4047: инициализация: "int" отличается по уровням косвенного обращения от "int (__cdecl *)(int *)"
  main.c
  structs.c
d:\program files\smartgit\bin\hafman\hafman\structs.c(4): warning C4028: формальный параметр 2 отличается от объявления
d:\program files\smartgit\bin\hafman\hafman\structs.c(5): warning C4013: calloc: нет определения; предполагается "extern" с возвратом типа "int"
d:\program files\smartgit\bin\hafman\hafman\structs.c(5): warning C4312: приведение типов: преобразование из "int" в "stack *" большего размера
d:\program files\smartgit\bin\hafman\hafman\structs.c(6): warning C4133: =: несовместимые типы - из "stack *" в "Stack_st *"
d:\program files\smartgit\bin\hafman\hafman\structs.c(13): warning C4033: "pop" должен возвращать значение
d:\program files\smartgit\bin\hafman\hafman\structs.c(16): warning C4133: =: несовместимые типы - из "Stack_st *" в "stack *"
d:\program files\smartgit\bin\hafman\hafman\structs.c(17): warning C4013: free: нет определения; предполагается "extern" с возвратом типа "int"
d:\program files\smartgit\bin\hafman\hafman\structs.c(23): warning C4312: приведение типов: преобразование из "int" в "list *" большего размера
d:\program files\smartgit\bin\hafman\hafman\structs.c(56): warning C4312: приведение типов: преобразование из "int" в "tree *" большего размера
d:\program files\smartgit\bin\hafman\hafman\structs.c(88): warning C4047: инициализация: "tree *" отличается по уровням косвенного обращения от "int"
  Создание кода...
d:\program files\smartgit\bin\hafman\hafman\structs.c(19): warning C4715: pop: значение возвращается не при всех путях выполнения
  Hafman.vcxproj -> D:\Program Files\SmartGit\bin\Hafman\Hafman\x64\Debug\Hafman.exe
